build/app/intermediates/manifest_merge_blame_file/debug/manifest-merger-blame-debug-report.txt
1<?xml version="1.0" encoding="utf-8"?>
2<manifest xmlns:android="http://schemas.android.com/apk/res/android"
3    package="com.glitchtec.glitchtecapp"
4    android:versionCode="1"
5    android:versionName="1.0" >
6
7    <uses-sdk
8        android:minSdkVersion="19"
9        android:targetSdkVersion="28" />
10    <!--
11         Flutter needs it to communicate with the running application
12         to allow setting breakpoints, to provide hot reload, etc.
13    -->
14    <uses-permission android:name="android.permission.INTERNET" />
14-->src\main\AndroidManifest.xml:10:5-67
14-->src\main\AndroidManifest.xml:10:22-64
15    <!--
16     io.flutter.app.FlutterApplication is an android.app.Application that
17         calls FlutterMain.startInitialization(this); in its onCreate method.
18         In most cases you can leave this as-is, but you if you want to provide
19         additional functionality it is fine to subclass or reimplement
20         FlutterApplication and put your custom class here.
21    -->
22    <uses-permission android:name="android.permission.READ_EXTERNAL_STORAGE" />
22-->src\main\AndroidManifest.xml:8:5-79
22-->src\main\AndroidManifest.xml:8:22-77
23    <uses-permission android:name="android.permission.READ_PHONE_STATE" />
23-->src\main\AndroidManifest.xml:9:5-74
23-->src\main\AndroidManifest.xml:9:22-72
24    <uses-permission android:name="android.permission.RECORD_AUDIO" />
24-->src\main\AndroidManifest.xml:11:5-71
24-->src\main\AndroidManifest.xml:11:22-68
25    <uses-permission android:name="android.permission.CAMERA" />
25-->src\main\AndroidManifest.xml:12:5-65
25-->src\main\AndroidManifest.xml:12:22-62
26    <uses-permission android:name="android.permission.MODIFY_AUDIO_SETTINGS" />
26-->src\main\AndroidManifest.xml:13:5-80
26-->src\main\AndroidManifest.xml:13:22-77
27    <uses-permission android:name="android.permission.ACCESS_NETWORK_STATE" /> <!-- The Agora SDK requires Bluetooth permissions in case users are using Bluetooth devices. -->
27-->src\main\AndroidManifest.xml:14:5-79
27-->src\main\AndroidManifest.xml:14:22-76
28    <uses-permission android:name="android.permission.BLUETOOTH" />
28-->src\main\AndroidManifest.xml:17:5-68
28-->src\main\AndroidManifest.xml:17:22-65
29    <uses-permission android:name="android.permission.WRITE_EXTERNAL_STORAGE" />
29-->[:image_picker] AndroidManifest.xml:8:5-81
29-->[:image_picker] AndroidManifest.xml:8:22-78
30    <uses-permission android:name="android.permission.REQUEST_INSTALL_PACKAGES" />
30-->[:open_file] AndroidManifest.xml:8:5-83
30-->[:open_file] AndroidManifest.xml:8:22-80
31    <uses-permission android:name="android.permission.WAKE_LOCK" />
31-->[com.google.android.gms:play-services-measurement:17.2.2] AndroidManifest.xml:25:5-68
31-->[com.google.android.gms:play-services-measurement:17.2.2] AndroidManifest.xml:25:22-65
32    <uses-permission android:name="com.google.android.finsky.permission.BIND_GET_INSTALL_REFERRER_SERVICE" /> <!-- Required by older versions of Google Play services to create IID tokens -->
32-->[com.google.android.gms:play-services-measurement:17.2.2] AndroidManifest.xml:26:5-110
32-->[com.google.android.gms:play-services-measurement:17.2.2] AndroidManifest.xml:26:22-107
33    <uses-permission android:name="com.google.android.c2dm.permission.RECEIVE" />
33-->[com.google.firebase:firebase-iid:20.0.2] AndroidManifest.xml:26:5-82
33-->[com.google.firebase:firebase-iid:20.0.2] AndroidManifest.xml:26:22-79
34
35    <application
35-->src\main\AndroidManifest.xml:19:5-63:19
36        android:name="io.flutter.app.FlutterApplication"
36-->src\main\AndroidManifest.xml:20:9-57
37        android:appComponentFactory="androidx.core.app.CoreComponentFactory"
37-->[androidx.core:core:1.1.0] AndroidManifest.xml:24:18-86
38        android:debuggable="true"
39        android:icon="@mipmap/ic_launcher"
39-->src\main\AndroidManifest.xml:23:9-43
40        android:label="glitchtec"
40-->src\main\AndroidManifest.xml:21:9-34
41        android:usesCleartextTraffic="true" >
41-->src\main\AndroidManifest.xml:22:9-44
42        <activity
42-->src\main\AndroidManifest.xml:24:9-57:20
43            android:name="com.glitchtec.glitchtecapp.MainActivity"
43-->src\main\AndroidManifest.xml:25:13-41
44            android:configChanges="orientation|keyboardHidden|keyboard|screenSize|smallestScreenSize|locale|layoutDirection|fontScale|screenLayout|density|uiMode"
44-->src\main\AndroidManifest.xml:28:13-163
45            android:hardwareAccelerated="true"
45-->src\main\AndroidManifest.xml:29:13-47
46            android:launchMode="singleTop"
46-->src\main\AndroidManifest.xml:26:13-43
47            android:theme="@style/LaunchTheme"
47-->src\main\AndroidManifest.xml:27:13-47
48            android:windowSoftInputMode="adjustResize" >
48-->src\main\AndroidManifest.xml:30:13-55
49
50            <!--
51                 Specifies an Android theme to apply to this Activity as soon as
52                 the Android process has started. This theme is visible to the user
53                 while the Flutter UI initializes. After that, this theme continues
54                 to determine the Window background behind the Flutter UI.
55            -->
56            <meta-data
56-->src\main\AndroidManifest.xml:35:13-38:17
57                android:name="io.flutter.embedding.android.NormalTheme"
57-->src\main\AndroidManifest.xml:36:15-70
58                android:resource="@style/NormalTheme" />
58-->src\main\AndroidManifest.xml:37:15-52
59            <!--
60                 Displays an Android View that continues showing the launch screen
61                 Drawable until Flutter paints its first frame, then this splash
62                 screen fades out. A splash screen is useful to avoid any visual
63                 gap between the end of Android's launch screen and the painting of
64                 Flutter's first frame.
65            -->
66            <meta-data
66-->src\main\AndroidManifest.xml:44:13-47:17
67                android:name="io.flutter.embedding.android.SplashScreenDrawable"
67-->src\main\AndroidManifest.xml:45:15-79
68                android:resource="@drawable/launch_background" />
68-->src\main\AndroidManifest.xml:46:15-61
69
70            <intent-filter>
70-->src\main\AndroidManifest.xml:48:13-51:29
71                <action android:name="android.intent.action.MAIN" />
71-->src\main\AndroidManifest.xml:49:17-68
71-->src\main\AndroidManifest.xml:49:25-66
72
73                <category android:name="android.intent.category.LAUNCHER" />
73-->src\main\AndroidManifest.xml:50:17-76
73-->src\main\AndroidManifest.xml:50:27-74
74            </intent-filter>
75            <intent-filter>
75-->src\main\AndroidManifest.xml:53:13-56:29
76                <action android:name="FLUTTER_NOTIFICATION_CLICK" />
76-->src\main\AndroidManifest.xml:54:17-69
76-->src\main\AndroidManifest.xml:54:25-66
77
78                <category android:name="android.intent.category.DEFAULT" />
78-->src\main\AndroidManifest.xml:55:17-76
78-->src\main\AndroidManifest.xml:55:27-73
79            </intent-filter>
80        </activity>
81        <!--
82             Don't delete the meta-data below.
83             This is used by the Flutter tool to generate GeneratedPluginRegistrant.java
84        -->
85        <meta-data
85-->src\main\AndroidManifest.xml:60:9-62:33
86            android:name="flutterEmbedding"
86-->src\main\AndroidManifest.xml:61:13-44
87            android:value="2" />
87-->src\main\AndroidManifest.xml:62:13-30
88
89        <provider
89-->[:image_picker] AndroidManifest.xml:11:9-19:20
90            android:name="io.flutter.plugins.imagepicker.ImagePickerFileProvider"
90-->[:image_picker] AndroidManifest.xml:12:13-82
91            android:authorities="com.glitchtec.glitchtecapp.flutter.image_provider"
91-->[:image_picker] AndroidManifest.xml:13:13-74
92            android:exported="false"
92-->[:image_picker] AndroidManifest.xml:14:13-37
93            android:grantUriPermissions="true" >
93-->[:image_picker] AndroidManifest.xml:15:13-47
94            <meta-data
94-->[:image_picker] AndroidManifest.xml:16:13-18:75
95                android:name="android.support.FILE_PROVIDER_PATHS"
95-->[:image_picker] AndroidManifest.xml:17:17-67
96                android:resource="@xml/flutter_image_picker_file_paths" />
96-->[:image_picker] AndroidManifest.xml:18:17-72
97        </provider>
98
99        <service
99-->[:cloud_firestore] AndroidManifest.xml:8:9-12:19
100            android:name="com.google.firebase.components.ComponentDiscoveryService"
100-->[:cloud_firestore] AndroidManifest.xml:8:18-89
101            android:directBootAware="true"
101-->[com.google.firebase:firebase-common:19.3.0] AndroidManifest.xml:34:13-43
102            android:exported="false" >
102-->[com.google.android.gms:play-services-measurement-api:17.2.2] AndroidManifest.xml:29:13-37
103            <meta-data
103-->[:cloud_firestore] AndroidManifest.xml:9:13-11:85
104                android:name="com.google.firebase.components:io.flutter.plugins.firebase.cloudfirestore.FlutterFirebaseAppRegistrar"
104-->[:cloud_firestore] AndroidManifest.xml:10:17-133
105                android:value="com.google.firebase.components.ComponentRegistrar" />
105-->[:cloud_firestore] AndroidManifest.xml:11:17-82
106            <meta-data
106-->[:firebase_storage] AndroidManifest.xml:9:13-11:85
107                android:name="com.google.firebase.components:io.flutter.plugins.firebase.storage.FlutterFirebaseAppRegistrar"
107-->[:firebase_storage] AndroidManifest.xml:10:17-126
108                android:value="com.google.firebase.components.ComponentRegistrar" />
108-->[:firebase_storage] AndroidManifest.xml:11:17-82
109            <meta-data
109-->[:firebase_core] AndroidManifest.xml:9:13-11:85
110                android:name="com.google.firebase.components:io.flutter.plugins.firebase.core.FlutterFirebaseAppRegistrar"
110-->[:firebase_core] AndroidManifest.xml:10:17-123
111                android:value="com.google.firebase.components.ComponentRegistrar" />
111-->[:firebase_core] AndroidManifest.xml:11:17-82
112            <meta-data
112-->[:firebase_messaging] AndroidManifest.xml:14:13-16:85
113                android:name="com.google.firebase.components:io.flutter.plugins.firebasemessaging.FlutterFirebaseAppRegistrar"
113-->[:firebase_messaging] AndroidManifest.xml:15:17-127
114                android:value="com.google.firebase.components.ComponentRegistrar" />
114-->[:firebase_messaging] AndroidManifest.xml:16:17-82
115            <meta-data
115-->[com.google.android.gms:play-services-measurement-api:17.2.2] AndroidManifest.xml:30:13-32:85
116                android:name="com.google.firebase.components:com.google.firebase.analytics.connector.internal.AnalyticsConnectorRegistrar"
116-->[com.google.android.gms:play-services-measurement-api:17.2.2] AndroidManifest.xml:31:17-139
117                android:value="com.google.firebase.components.ComponentRegistrar" />
117-->[com.google.android.gms:play-services-measurement-api:17.2.2] AndroidManifest.xml:32:17-82
118            <meta-data
118-->[com.google.firebase:firebase-firestore:21.3.0] AndroidManifest.xml:20:13-22:85
119                android:name="com.google.firebase.components:com.google.firebase.firestore.FirestoreRegistrar"
119-->[com.google.firebase:firebase-firestore:21.3.0] AndroidManifest.xml:21:17-111
120                android:value="com.google.firebase.components.ComponentRegistrar" />
120-->[com.google.firebase:firebase-firestore:21.3.0] AndroidManifest.xml:22:17-82
121            <meta-data
121-->[com.google.firebase:firebase-storage:17.0.0] AndroidManifest.xml:31:13-33:85
122                android:name="com.google.firebase.components:com.google.firebase.storage.StorageRegistrar"
122-->[com.google.firebase:firebase-storage:17.0.0] AndroidManifest.xml:32:17-107
123                android:value="com.google.firebase.components.ComponentRegistrar" />
123-->[com.google.firebase:firebase-storage:17.0.0] AndroidManifest.xml:33:17-82
124            <meta-data
124-->[com.google.firebase:firebase-iid:20.0.2] AndroidManifest.xml:32:13-34:85
125                android:name="com.google.firebase.components:com.google.firebase.iid.Registrar"
125-->[com.google.firebase:firebase-iid:20.0.2] AndroidManifest.xml:33:17-96
126                android:value="com.google.firebase.components.ComponentRegistrar" />
126-->[com.google.firebase:firebase-iid:20.0.2] AndroidManifest.xml:34:17-82
127        </service>
128        <service android:name="io.flutter.plugins.firebasemessaging.FlutterFirebaseMessagingService" >
128-->[:firebase_messaging] AndroidManifest.xml:8:9-12:19
128-->[:firebase_messaging] AndroidManifest.xml:8:18-101
129            <intent-filter>
129-->[:firebase_messaging] AndroidManifest.xml:9:13-11:29
130                <action android:name="com.google.firebase.MESSAGING_EVENT" />
130-->[:firebase_messaging] AndroidManifest.xml:10:17-78
130-->[:firebase_messaging] AndroidManifest.xml:10:25-75
131            </intent-filter>
132        </service>
133
134        <provider
134-->[:open_file] AndroidManifest.xml:12:9-21:20
135            android:name="androidx.core.content.FileProvider"
135-->[:open_file] AndroidManifest.xml:13:13-62
136            android:authorities="com.glitchtec.glitchtecapp.fileProvider"
136-->[:open_file] AndroidManifest.xml:14:13-64
137            android:exported="false"
137-->[:open_file] AndroidManifest.xml:15:13-37
138            android:grantUriPermissions="true" >
138-->[:open_file] AndroidManifest.xml:16:13-47
139            <meta-data
139-->[:image_picker] AndroidManifest.xml:16:13-18:75
140                android:name="android.support.FILE_PROVIDER_PATHS"
140-->[:image_picker] AndroidManifest.xml:17:17-67
141                android:resource="@xml/filepaths" />
141-->[:image_picker] AndroidManifest.xml:18:17-72
142        </provider>
143
144        <receiver
144-->[com.google.android.gms:play-services-measurement:17.2.2] AndroidManifest.xml:29:9-33:20
145            android:name="com.google.android.gms.measurement.AppMeasurementReceiver"
145-->[com.google.android.gms:play-services-measurement:17.2.2] AndroidManifest.xml:30:13-85
146            android:enabled="true"
146-->[com.google.android.gms:play-services-measurement:17.2.2] AndroidManifest.xml:31:13-35
147            android:exported="false" >
147-->[com.google.android.gms:play-services-measurement:17.2.2] AndroidManifest.xml:32:13-37
148        </receiver>
149        <receiver
149-->[com.google.android.gms:play-services-measurement:17.2.2] AndroidManifest.xml:34:9-42:20
150            android:name="com.google.android.gms.measurement.AppMeasurementInstallReferrerReceiver"
150-->[com.google.android.gms:play-services-measurement:17.2.2] AndroidManifest.xml:35:13-100
151            android:enabled="true"
151-->[com.google.android.gms:play-services-measurement:17.2.2] AndroidManifest.xml:36:13-35
152            android:exported="true"
152-->[com.google.android.gms:play-services-measurement:17.2.2] AndroidManifest.xml:37:13-36
153            android:permission="android.permission.INSTALL_PACKAGES" >
153-->[com.google.android.gms:play-services-measurement:17.2.2] AndroidManifest.xml:38:13-69
154            <intent-filter>
154-->[com.google.android.gms:play-services-measurement:17.2.2] AndroidManifest.xml:39:13-41:29
155                <action android:name="com.android.vending.INSTALL_REFERRER" />
155-->[com.google.android.gms:play-services-measurement:17.2.2] AndroidManifest.xml:40:17-79
155-->[com.google.android.gms:play-services-measurement:17.2.2] AndroidManifest.xml:40:25-76
156            </intent-filter>
157        </receiver>
158
159        <service
159-->[com.google.android.gms:play-services-measurement:17.2.2] AndroidManifest.xml:44:9-47:40
160            android:name="com.google.android.gms.measurement.AppMeasurementService"
160-->[com.google.android.gms:play-services-measurement:17.2.2] AndroidManifest.xml:45:13-84
161            android:enabled="true"
161-->[com.google.android.gms:play-services-measurement:17.2.2] AndroidManifest.xml:46:13-35
162            android:exported="false" />
162-->[com.google.android.gms:play-services-measurement:17.2.2] AndroidManifest.xml:47:13-37
163        <service
163-->[com.google.android.gms:play-services-measurement:17.2.2] AndroidManifest.xml:48:9-52:72
164            android:name="com.google.android.gms.measurement.AppMeasurementJobService"
164-->[com.google.android.gms:play-services-measurement:17.2.2] AndroidManifest.xml:49:13-87
165            android:enabled="true"
165-->[com.google.android.gms:play-services-measurement:17.2.2] AndroidManifest.xml:50:13-35
166            android:exported="false"
166-->[com.google.android.gms:play-services-measurement:17.2.2] AndroidManifest.xml:51:13-37
167            android:permission="android.permission.BIND_JOB_SERVICE" />
167-->[com.google.android.gms:play-services-measurement:17.2.2] AndroidManifest.xml:52:13-69
168        <!--
169             FirebaseMessagingService performs security checks at runtime,
170             but set to not exported to explicitly avoid allowing another app to call it.
171        -->
172        <service
172-->[com.google.firebase:firebase-messaging:20.0.1] AndroidManifest.xml:28:9-34:19
173            android:name="com.google.firebase.messaging.FirebaseMessagingService"
173-->[com.google.firebase:firebase-messaging:20.0.1] AndroidManifest.xml:29:13-82
174            android:exported="false" >
174-->[com.google.firebase:firebase-messaging:20.0.1] AndroidManifest.xml:30:13-37
175            <intent-filter android:priority="-500" >
175-->[:firebase_messaging] AndroidManifest.xml:9:13-11:29
176                <action android:name="com.google.firebase.MESSAGING_EVENT" />
176-->[:firebase_messaging] AndroidManifest.xml:10:17-78
176-->[:firebase_messaging] AndroidManifest.xml:10:25-75
177            </intent-filter>
178        </service>
179
180        <receiver
180-->[com.google.firebase:firebase-iid:20.0.2] AndroidManifest.xml:37:9-44:20
181            android:name="com.google.firebase.iid.FirebaseInstanceIdReceiver"
181-->[com.google.firebase:firebase-iid:20.0.2] AndroidManifest.xml:38:13-78
182            android:exported="true"
182-->[com.google.firebase:firebase-iid:20.0.2] AndroidManifest.xml:39:13-36
183            android:permission="com.google.android.c2dm.permission.SEND" >
183-->[com.google.firebase:firebase-iid:20.0.2] AndroidManifest.xml:40:13-73
184            <intent-filter>
184-->[com.google.firebase:firebase-iid:20.0.2] AndroidManifest.xml:41:13-43:29
185                <action android:name="com.google.android.c2dm.intent.RECEIVE" />
185-->[com.google.firebase:firebase-iid:20.0.2] AndroidManifest.xml:42:17-81
185-->[com.google.firebase:firebase-iid:20.0.2] AndroidManifest.xml:42:25-78
186            </intent-filter>
187        </receiver>
188
189        <provider
189-->[com.google.firebase:firebase-common:19.3.0] AndroidManifest.xml:26:9-30:39
190            android:name="com.google.firebase.provider.FirebaseInitProvider"
190-->[com.google.firebase:firebase-common:19.3.0] AndroidManifest.xml:27:13-77
191            android:authorities="com.glitchtec.glitchtecapp.firebaseinitprovider"
191-->[com.google.firebase:firebase-common:19.3.0] AndroidManifest.xml:28:13-72
192            android:exported="false"
192-->[com.google.firebase:firebase-common:19.3.0] AndroidManifest.xml:29:13-37
193            android:initOrder="100" />
193-->[com.google.firebase:firebase-common:19.3.0] AndroidManifest.xml:30:13-36
194
195        <activity
195-->[com.google.android.gms:play-services-base:17.0.0] AndroidManifest.xml:23:9-26:75
196            android:name="com.google.android.gms.common.api.GoogleApiActivity"
196-->[com.google.android.gms:play-services-base:17.0.0] AndroidManifest.xml:24:13-79
197            android:exported="false"
197-->[com.google.android.gms:play-services-base:17.0.0] AndroidManifest.xml:25:13-37
198            android:theme="@android:style/Theme.Translucent.NoTitleBar" />
198-->[com.google.android.gms:play-services-base:17.0.0] AndroidManifest.xml:26:13-72
199
200        <meta-data
200-->[com.google.android.gms:play-services-basement:17.0.0] AndroidManifest.xml:23:9-25:69
201            android:name="com.google.android.gms.version"
201-->[com.google.android.gms:play-services-basement:17.0.0] AndroidManifest.xml:24:13-58
202            android:value="@integer/google_play_services_version" />
202-->[com.google.android.gms:play-services-basement:17.0.0] AndroidManifest.xml:25:13-66
203    </application>
204
205</manifest>